Build started 11/21/2015 2:14:36 PM.
     1>Project "C:\Users\riccoj\Documents\ASMProject1\AssemblyProject\AssemblyProject\AssemblyProject.vcxproj" on node 2 (Build target(s)).
     1>_MASM:
         Assembling Minesweeper.asm...
         cmd.exe /C "C:\Users\riccoj\AppData\Local\Temp\tmp8cf706fe3e054197a8773a81e55e71a6.cmd"
         ml.exe /c /nologo /safeseh /Fo"Debug\Minesweeper.obj" /I "c:\Irvine" /I "c:\masm32\include" /W1 /errorReport:prompt  /TaMinesweeper.asm
       Link:
         C:\Program Files (x86)\Microsoft Visual Studio 14.0\VC\bin\link.exe /ERRORREPORT:PROMPT /OUT:"C:\Users\riccoj\Documents\ASMProject1\AssemblyProject\Debug\AssemblyProject.exe" /NOLOGO /LIBPATH:c:\Irvine /LTCG:STATUS user32.lib irvine32.lib kernel32.lib user32.lib gdi32.lib winspool.lib comdlg32.lib advapi32.lib shell32.lib ole32.lib oleaut32.lib uuid.lib odbc32.lib odbccp32.lib /NODEFAULTLIB /MANIFEST /MANIFESTUAC:"level='asInvoker' uiAccess='false'" /manifest:embed /PDB:"C:\Users\riccoj\Documents\ASMProject1\AssemblyProject\Debug\AssemblyProject.pdb" /SUBSYSTEM:CONSOLE /TLBID:1 /DYNAMICBASE /IMPLIB:"C:\Users\riccoj\Documents\ASMProject1\AssemblyProject\Debug\AssemblyProject.lib" /MACHINE:X86 /SAFESEH:NO Debug\Minesweeper.obj
     1>Minesweeper.obj : error LNK2001: unresolved external symbol _CLRSCR@0
     1>Minesweeper.obj : error LNK2001: unresolved external symbol _CRLF@0
     1>Minesweeper.obj : error LNK2001: unresolved external symbol _GOTOXY@0
     1>Minesweeper.obj : error LNK2001: unresolved external symbol _RANDOMIZE@0
     1>Minesweeper.obj : error LNK2001: unresolved external symbol _RANDOMRANGE@0
     1>Minesweeper.obj : error LNK2001: unresolved external symbol _READCHAR@0
     1>Minesweeper.obj : error LNK2001: unresolved external symbol _READSTRING@0
     1>Minesweeper.obj : error LNK2001: unresolved external symbol _SETTEXTCOLOR@0
     1>Minesweeper.obj : error LNK2001: unresolved external symbol _WRITECHAR@0
     1>Minesweeper.obj : error LNK2001: unresolved external symbol _WRITEINT@0
     1>Minesweeper.obj : error LNK2001: unresolved external symbol _WRITESTRING@0
     1>Minesweeper.obj : error LNK2001: unresolved external symbol _GETCONSOLESCREENBUFFERINFO@8
     1>Minesweeper.obj : error LNK2001: unresolved external symbol _GETSTDHANDLE@4
     1>Minesweeper.obj : error LNK2001: unresolved external symbol _GETCLASSNAMEA@12
     1>Minesweeper.obj : error LNK2001: unresolved external symbol _GETWINDOW@8
     1>C:\Users\riccoj\Documents\ASMProject1\AssemblyProject\Debug\AssemblyProject.exe : fatal error LNK1120: 15 unresolved externals
     1>Done Building Project "C:\Users\riccoj\Documents\ASMProject1\AssemblyProject\AssemblyProject\AssemblyProject.vcxproj" (Build target(s)) -- FAILED.

Build FAILED.

Time Elapsed 00:00:01.47
